✓ ADFMO: -6.64776, 145.20021
  ✓ ADI: 37.77229, 38.25939
  ✓ AE: 40.45150, -3.58360
  ✓ AEAAN: 23.77368, 78.32389
  ✗ AEAJM: no Mapbox result
  ✓ AEARZ: 47.75465, -117.09658
  ✓ AEDAS: 2.62019, 102.05855
  ✓ AEDUJ: 58.01291, 26.25743
  ✓ AEDUY: 58.01291, 26.25743
  ✓ AEFAT: 32.96805, 35.49236
  ✗ AEFMZ: no Mapbox result
  ✓ AEIND: 25.73330, 74.33295
  ✓ AEJEA: 42.12643, -1.13993
  ✓ AEJED: 24.21178, 55.68864
  ✓ AEKHA: 1.14559, 99.64749
  ✓ AEMAS: -7.88269, 112.53219
  ✗ AEMUB: no Mapbox result
  ✗ AENHD: no Mapbox result
  ✓ AEPRA: 13.43891, 144.65085
  ✓ AF: 33.83881, 66.02647
  ✓ AFBIN: 38.24626, 36.91524
  ✓ AFBST: 50.33672, 6.37542
  ✓ AFDAZ: 13.69348, -15.53291
  ✓ AFFAH: 46.75452, 15.38986
  ✓ AFFBD: 18.00000, 31.15000
  ✗ AFGRG: no Mapbox result
  ✓ AFGZI: 37.40686, 39.10313
  ✓ AFHEA: 36.97911, -88.28439
  ✓ AFHRT: 51.96348, 11.43518
  ✓ AFIMZ: 8.10033, 1.02612
  ✓ AFJAA: 4.22488, 41.58452
  ✗ AFKBL: no Mapbox result
  ✗ AFKDH: no Mapbox result
  ✗ AFKHT: no Mapbox result
  ✓ AFKUR: 28.66540, 77.09943
  ✗ AFKWH: no Mapbox result
  ✗ AFLQN: no Mapbox result
  ✓ AFMAS: -0.95748, 131.33601
  ✗ AFMMZ: no Mapbox result
  ✗ AFSBF: no Mapbox result
  ✓ AFSGA: 8.89330, 125.68817
  ✓ AFTGH: 16.23209, 43.21729
  ✓ AFTII: 9.90000, 38.41667
  ✓ AFTQN: 29.74661, -95.45379
  ✓ AFUND: 26.95952, 77.01106
  ✓ AFURN: 38.19595, 71.35773
  ✓ AFURZ: 28.55549, -16.24848
  ✓ AFZAJ: 24.17456, 55.81457
  ✓ AG: 17.11793, -61.84388
  ✓ AGANU: -6.37440, 145.64620
  ✗ AGBBQ: no Mapbox result
  ✓ AI: 18.19459, -63.08183
  ✓ AIAXA: -19.59232, -46.94028
  ✓ AIBLP: 46.68176, 15.22638
  ✓ AIFOR: 64.94939, 11.96173
  ✓ AIRBY: 29.47097, -98.38131
  ✓ AIROA: 42.79225, -6.98280
  ✓ AIW: -0.53405, 166.91328
  ✓ AIWLL: 53.25361, -9.22710
  ✓ AL: 32.82887, -86.78929
  ✓ ALDRZ: 66.40102, 13.11635
  ✓ ALTEN: 49.03032, 7.96781
  ✓ ALTIA: 39.94117, 32.91855
  ✓ AM: 39.38127, -97.92221
  ✓ AMAHU: -3.72598, 128.14522
  ✓ AMJER: 26.46934, 74.63997
  ✓ AO: -12.09939, 17.91229
  ✗ AOANL: no Mapbox result
  ✓ AOARZ: 46.56485, 11.48158
  ✗ AOAZZ: no Mapbox result
  ✗ AOBDD: no Mapbox result
  ✓ AOBUG: 40.79301, 29.35600
  ✓ AOCAB: 21.13830, -86.85425
  ✓ AOCAV: -34.03207, 18.44683
  ✗ AOCBT: no Mapbox result
  ✓ AOCFF: 33.90192, -116.48974
  ✗ AOCNZ: no Mapbox result
  ✓ AOCTI: 49.14262, 6.17230
  ✓ AODGR: 60.30655, 22.28882
  ✗ AODRC: no Mapbox result
  ✓ AODUE: 54.08759, -7.50403
  ✓ AOFPO: -13.53917, -172.51890
  ✓ AOGGC: 30.76045, 48.28214
  ✗ AOGXG: no Mapbox result
  ✓ AOJMB: -33.93057, -57.81043
  ✗ AOKNP: no Mapbox result
  ✓ AOKTI: 36.37155, 138.12297
  ✓ AOLAA: 53.28520, 69.38147
  ✓ AOLAD: 53.28520, 69.38147
  ✗ AOLBZ: no Mapbox result
  ✓ AOLIE: 48.86751, 2.37574
  ✓ AOLOB: 14.27070, -1.05420
  ✓ AOLUC: 37.82870, 40.84096
  ✓ AOLUO: 0.84409, 122.91419
  ✗ AOLZM: no Mapbox result
  ✓ AOMAL: -6.90571, 109.53357
  ✓ AOMEG: 65.24029, 21.54910
  ✓ AOMLO: 59.60214, 5.20820
  ✓ AOMSZ: 34.73333, 36.71667
  ✗ AONDD: no Mapbox result
  ✓ AONOV: 14.25800, -12.54197
  ✓ AONRQ: 22.62823, 77.55599
  ✓ AONZA: 45.58464, 9.27526
  ✓ AOPAT: 69.76146, -51.30129
  ✗ AOPBN: no Mapbox result
  ✓ AOPGI: 36.23274, 6.56363
  ✓ AOPLE: 44.73194, -93.21762
  ✗ AOSDD: no Mapbox result
  ✓ AOSOQ: 31.12725, 30.64317
  ✓ AOSPP: 41.10339, 29.41478
  ✓ AOSSY: 32.39503, -80.69564
  ✗ AOSVP: no Mapbox result
  ✓ AOSZA: 45.73737, 7.32061
  ✓ AOTAK: -40.75619, 175.13841
  ✓ AOUAL: 43.55436, 2.11573
  ✗ AOVHC: no Mapbox result
  ✗ AOVPE: no Mapbox result
  ✗ AOXGN: no Mapbox result
  ✓ AQ: -72.82204, 0.00000
  ✓ AR: -36.25200, -63.95419
  ✓ ARAEP: -15.58945, -56.09360
  ✓ ARAFA: 3.30326, 97.15019
  ✓ ARAOL: 32.99484, 130.43375
  ✓ ARAPZ: 41.03013, 29.02845
  ✓ ARATU: -3.77134, -38.63152
  ✓ ARBQS: 39.52731, 8.60059
  ✓ ARCCT: 12.90486, 79.32413
  ✓ ARCHL: 49.04315, 17.00812
  ✓ ARCLX: 52.27169, -6.79259
  ✗ ARCNQ: no Mapbox result
  ✓ ARCNT: 12.90486, 79.32413
  ✓ ARCOC: 36.74977, -5.80944
  ✓ ARCPG: 45.34104, 4.31429
  ✓ ARCRD: 13.21235, 79.70640
  ✓ ARCRR: 43.08718, -8.93718
  ✓ ARCRY: 36.59551, -4.52876
  ✓ ARCTC: 41.70301, -71.52570
  ✓ ARCUA: -37.61389, 144.69782
  ✓ ARCVH: 39.44788, -77.50082
  ✓ ARCVI: 34.79930, -85.12140
  ✓ ARELO: 33.52439, -117.72396
  ✓ AREQS: 43.42735, -8.24324
  ✓ ARFMA: 64.77907, 25.81766
  ✗ ARFVB: no Mapbox result
  ✓ ARGGS: 44.85723, 24.87194
  ✓ ARGPO: -7.66430, 110.46222
  ✓ ARHOS: 36.74977, -5.80944
  ✓ ARIGB: 36.29143, 2.06898
  ✓ ARING: 16.39599, 120.35664
  ✓ ARIRJ: 9.91667, 38.03333
  ✓ ARJLS: 46.42162, 18.91443
  ✓ ARJUJ: 28.65829, 77.29675
  ✓ ARLCM: 31.87632, -94.53336
  ✓ ARLHS: 43.67625, 4.62763
  ✓ ARLLS: 43.67625, 4.62763
  ✓ ARLMD: 45.78353, 7.46744
  ✓ ARMCS: 47.45851, 3.54732
  ✓ ARMDX: 45.84920, 5.58539
  ✓ ARMDZ: 42.16922, 44.37723
  ✓ ARMJR: 42.74059, -78.79853
  ✓ ARMQD: 38.94214, -77.01331
  ✓ ARNEC: 28.99261, -97.27252
  ✓ AROBE: 43.36431, -5.19781
  ✓ AROES: 40.80010, -8.30150
  ✓ AROLN: 49.68346, 5.81677
  ✓ ARORA: -6.52532, 145.71035
  ✓ AROYA: 38.85486, -103.12506
  ✗ ARPBG: no Mapbox result
  ✓ ARPCY: 47.60201, 3.75614
  ✓ ARPGV: 56.18581, 15.39703
  ✓ ARPLO: 48.17715, 20.25866
  ✗ ARPMQ: no Mapbox result
  ✗ ARPNL: no Mapbox result
  ✓ ARPOC: 7.67090, 123.22180
  ✗ ARPQU: no Mapbox result
  ✓ ARPSS: 43.57494, -80.36616
  ✓ ARPUB: 23.55891, -15.89942
  ✓ ARQLV: 60.25896, 24.12333
  ✓ ARQPQ: -23.58308, -46.40610
  ✓ ARRAM: 53.88467, -0.42572
  ✓ ARRDS: 54.66301, -5.66803
  ✓ ARREL: 48.04909, 4.27640
  ✓ ARRES: 50.12817, 1.61616
  ✓ ARRSA: 50.29079, 2.77878
  ✓ ARSAL: 34.18060, 36.41951
  ✓ ARSDE: 45.98353, 11.75780
  ✓ ARSFE: 45.98353, 11.75780
  ✓ ARSGV: 60.17434, 24.75184
  ✓ ARSLA: 36.59327, 30.52843
  ✓ ARSLO: 41.33762, 72.92771
  ✓ ARSMT: 62.29202, 6.11549
  ✓ ARSST: 62.29202, 6.11549
  ✓ ARTDL: 46.27282, -63.12139
  ✓ ARTTG: 15.05000, 24.46667
  ✓ ARUAQ: 2.35146, 99.11636
  ✓ ARVCF: 48.43069, -92.85360
  ✗ ARVDM: no Mapbox result
  ✓ ARVDR: 48.75903, -2.95787
  ✓ ARVGS: 45.86219, 7.23087
  ✓ ARVLG: 60.29578, 24.96662
  ✓ ARVMD: 51.20255, 11.98303
  ✓ ARVTT: 32.45951, 35.05919
  ✓ ARXMV: 55.84698, 14.22211
  ✗ ARXMX: no Mapbox result
  ✓ ARXOS: 36.74977, -5.80944
  ✗ ARXPD: no Mapbox result
  ✓ AS: -25.28005, -57.63438
  ✓ ASFTI: 44.89946, 8.20445
  ✓ ASOFU: 41.19006, 31.62878
  ✓ ASTAV: 40.29161, 35.29230
  ✓ AT: 47.60780, 14.30014
  ✓ ATAHN: 43.00630, -2.17600
  ✓ ATAMK: 53.87115, 53.60419
  ✓ ATANF: -6.54773, 106.76032
  ✓ ATASP: 23.42747, 88.06261
  ✓ ATBBH: 37.11056, 41.76361
  ✗ ATBGC: no Mapbox result
  ✗ ATBKL: no Mapbox result
  ✗ ATBKZ: no Mapbox result
  ✓ ATBNF: -31.27056, 149.09872
  ✓ ATBRL: 21.10283, -101.58432
  ✓ ATEEZ: 42.93925, -1.70936
  ✓ ATENA: 9.97872, -84.37845
  ✓ ATEUH: 5.55096, 95.32593
  ✓ ATFLH: 29.40804, 31.27280
  ✓ ATFLT: 14.38205, 46.31272
  ✓ ATFRN: 24.62578, 46.84659
  ✓ ATFRT: 14.38205, 46.31272
  ✓ ATFST: 50.33672, 6.37542
  ✓ ATFTH: 29.40804, 31.27280
  ✓ ATGAN: 25.27338, 88.21168
  ✗ ATGSD: no Mapbox result
  ✓ ATHAD: 22.10035, 73.96815
  ✓ ATHAU: 26.53706, 85.50649
  ✓ ATHLL: -35.41305, 149.06162
  ✓ ATHMG: 60.22331, 24.86619
  ✓ ATHOL: 42.59390, -72.22859
  ✓ ATHRD: 26.42927, 85.46897
  ✓ ATHSN: 24.60873, 83.72545
  ✓ ATJDN: -26.85748, 26.63169
  ✓ ATJUN: 22.01712, 88.27065
  ✗ ATKBG: no Mapbox result
  ✗ ATKDF: no Mapbox result
  ✗ ATKDM: no Mapbox result
  ✗ ATKFB: no Mapbox result
  ✗ ATKFS: no Mapbox result
  ✓ ATKIE: 8.77539, 14.04688
  ✗ ATKLD: no Mapbox result
  ✓ ATKMG: 60.22331, 24.86619
  ✗ ATKMS: no Mapbox result
  ✗ ATKNB: no Mapbox result
  ✗ ATKYB: no Mapbox result
  ✓ ATLBN: 59.55889, -133.69066
  ✓ ATLCU: 15.22078, 120.59393
  ✓ ATLEC: 37.65398, -77.40219
  ✓ ATLEZ: 37.65398, -77.40219
  ✗ ATLFD: no Mapbox result
  ✓ ATLIZ: 36.68620, 39.21801
  ✗ ATLMB: no Mapbox result
  ✓ ATLTN: 59.55889, -133.69066
  ✓ ATLUT: 19.00255, -98.76916
  ✓ ATLZG: 14.82380, 120.84670
  ✓ ATLZN: 59.55889, -133.69066
  ✓ ATMEL: 55.01574, -1.50025
  ✓ ATMHK: 48.58205, -72.23642
  ✓ ATMIF: 53.48167, 43.92342
  ✓ ATMIK: 40.69305, 41.74732
  ✓ ATMIT: 53.48167, 43.92342
  ✓ ATMTH: 36.31129, 36.68735
  ✓ ATMUN: 43.00630, -2.17600
  ✓ ATNES: 60.87517, 7.14967
  ✗ ATNSL: no Mapbox result
  ✓ ATNUA: -13.95485, -171.65112
  ✓ ATOAL: 52.51353, 5.49121
  ✓ ATOBU: -4.83242, 122.72036
  ✓ ATOHD: 33.91956, -6.93779
  ✓ ATOWT: 1.38001, 33.79177
  ✗ ATPDF: no Mapbox result
  ✓ ATPER: 52.29357, 7.95181
  ✗ ATPHG: no Mapbox result
  ✗ ATPRH: no Mapbox result
  ✓ ATPUF: 22.77270, 88.04140
  ✓ ATPUR: 22.77270, 88.04140
  ✓ ATRAB: 57.92263, 13.49300
  ✓ ATRIE: 42.57912, 13.97912
  ✓ ATRKL: 19.68671, -98.89240
  ✓ ATRTT: 55.00733, 46.70002
  ✓ ATRTV: 60.29587, 25.03176
  ✓ ATRWL: 19.68671, -98.89240
  ✓ ATRXG: 57.98264, 13.53458
  ✓ ATRZL: 47.20737, 10.76170
  ✓ ATSAR: -23.01996, 47.50814
  ✓ ATSCH: 50.78291, 6.20432
  ✓ ATSCW: 50.78291, 6.20432
  ✓ ATSEN: 28.01714, 79.44653
  ✓ ATSER: 52.29357, 7.95181
  ✓ ATSIN: -18.15540, 49.40984
  ✓ ATSJB: 13.36667, 39.56666
  ✓ ATSLL: 45.26460, -75.76432
  ✓ ATSML: 14.05825, 38.59783
  ✓ ATSST: 42.80479, 2.23450
  ✓ ATSTA: 34.51228, -117.31900
  ✓ ATSTS: -22.27964, -42.50238
  ✓ ATSTV: 54.99115, -123.04118
  ✓ ATSTZ: 54.99115, -123.04118
  ✓ ATSVT: 31.68567, 34.60055
  ✓ ATTBH: 28.02150, 77.49958
  ✓ ATTEC: 5.34979, -4.04728
  ✓ ATTEL: 49.74747, 10.63476
  ✓ ATTFN: 48.89009, 6.08811
  ✓ ATTNZ: 26.54470, -81.91002
  ✓ ATTOL: 43.17188, 12.45946
  ✓ ATTRW: 12.50262, 14.41767
  ✓ ATTSK: -22.27964, -42.50238
  ✓ ATULF: 18.48801, 73.79430
  ✓ ATUTD: 28.73550, 77.87381
  ✗ ATVDD: no Mapbox result
  ✓ ATVLH: 38.66176, -27.18283
  ✓ ATVOE: -17.53862, -149.36609
  ✗ ATVTB: no Mapbox result
  ✗ ATWBG: no Mapbox result
  ✓ ATWCE: 50.68893, 4.33053
  ✗ ATWDD: no Mapbox result
  ✗ ATWLZ: no Mapbox result
  ✗ ATWMP: no Mapbox result
  ✓ ATWNF: -31.27056, 149.09872
  ✓ ATWNR: 1.88914, 32.91319
  ✓ ATWSS: 17.53776, 8.41248
  ✓ ATWTN: 30.08011, 76.84260
  ✓ ATXXX: 52.21031, -174.20291
  ✗ ATZTW: no Mapbox result
  ✓ AU: -25.73497, 134.48956
  ✓ AUAAB: -2.16274, 133.65266
  ✓ AUABG: -2.16274, 133.65266
  ✓ AUABH: -2.16274, 133.65266
  ✓ AUABL: 4.92200, 47.45030
  ✓ AUABM: -2.16274, 133.65266
  ✓ AUABV: -2.16274, 133.65266
  ✓ AUADA: 7.31667, 38.58333
  ✓ AUADO: 31.70778, -111.06430
  ✗ AUAGW: no Mapbox result
  ✓ AUAGY: 47.96153, 21.93516
  ✓ AUALA: -13.51546, -172.65285
  ✓ AUALH: -13.51546, -172.65285
  ✓ AUAMT: 19.51226, -155.93706
  ✓ AUAMX: 19.51226, -155.93706
  ✓ AUANZ: 42.75280, -1.37950
  ✓ AUARD: 53.25662, 6.45961
  ✓ AUARL: 4.92200, 47.45030
  ✓ AUARM: -15.94850, -5.70282
  ✓ AUARY: -3.14612, -58.43818
  ✓ AUASP: 15.23918, -83.87326
  ✓ AUAUD: 20.42711, 81.46296
  ✓ AUAUU: -14.28332, -170.56024
  ✓ AUAVG: 68.66354, 14.66923
  ✗ AUAVV: no Mapbox result
  ✓ AUAWN: 25.97748, 84.82738
  ✗ AUAWP: no Mapbox result
  ✓ AUAXC: 8.99250, 40.16767
  ✓ AUAXL: 4.92200, 47.45030
  ✓ AUAYD: -23.45180, -46.52249
  ✓ AUAYL: 4.92200, 47.45030
  ✗ AUAYQ: no Mapbox result
  ✓ AUAYR: -20.66031, -40.50544
  ✓ AUBAH: -6.97067, 109.87290
  ✓ AUBAK: 45.08192, 1.19312
  ✓ AUBBE: 48.29716, 4.07463
  ✓ AUBCH: 43.64780, 0.58538
  ✓ AUBCI: 43.87553, 19.79307
  ✓ AUBCK: 48.47240, 15.67938
  ✓ AUBCZ: 52.68951, 17.68245
  ✗ AUBDB: no Mapbox result
  ✓ AUBDD: 50.59323, 11.22948
  ✗ AUBDG: no Mapbox result
  ✓ AUBDS: 45.08192, 1.19312
  ✗ AUBDW: no Mapbox result
  ✓ AUBEE: 47.13918, 2.56008
  ✓ AUBEL: 50.70415, 5.85855
  ✓ AUBEO: 48.29716, 4.07463
  ✓ AUBEU: 48.29716, 4.07463
  ✗ AUBFC: no Mapbox result
  ✓ AUBGN: 46.89544, 6.77578
  ✓ AUBGR: 48.80148, 2.37941
  ✗ AUBHQ: no Mapbox result
  ✓ AUBHS: 45.08192, 1.19312
  ✓ AUBHT: 47.45877, -69.00312
  ✓ AUBIP: 46.89544, 6.77578
  ✓ AUBIW: 46.89544, 6.77578
  ✗ AUBKP: no Mapbox result
  ✗ AUBKQ: no Mapbox result
  ✓ AUBLN: 46.89544, 6.77578
  ✓ AUBLO: 40.43130, -3.64123
  ✓ AUBLS: 45.08192, 1.19312
  ✓ AUBLT: 40.58248, -104.73155
  ✓ AUBME: 48.29716, 4.07463
  ✗ AUBMP: no Mapbox result
  ✗ AUBMW: no Mapbox result
  ✓ AUBND: 26.95952, 77.01106
  ✓ AUBNK: 50.79456, -3.35109
  ✓ AUBOX: 37.38832, -2.14614
  ✓ AUBQA: 14.23305, -84.60698
  ✓ AUBQL: 50.70415, 5.85855
  ✗ AUBQW: no Mapbox result
  ✓ AUBRA: 14.23305, -84.60698
  ✓ AUBRJ: 50.36975, 3.46589
  ✓ AUBRK: 50.36975, 3.46589
  ✓ AUBRT: 48.83271, 2.12120
  ✓ AUBSJ: -32.96759, 151.53005
  ✗ AUBTB: no Mapbox result
  ✓ AUBTD: 50.59323, 11.22948
  ✗ AUBTX: no Mapbox result
  ✓ AUBUS: 45.95659, 2.16758
  ✓ AUBUV: 47.45877, -69.00312
  ✓ AUBUY: 50.41467, 3.05357
  ✓ AUBVI: 49.71304, 2.48228
  ✗ AUBVW: no Mapbox result
  ✓ AUBVZ: 46.78148, 6.56192
  ✗ AUBWB: no Mapbox result
  ✗ AUBWQ: no Mapbox result
  ✓ AUBWT: 47.45877, -69.00312
  ✗ AUBWU: no Mapbox result
  ✓ AUBYP: 50.41467, 3.05357
  ✓ AUBYX: 50.41467, 3.05357
  ✓ AUBZD: 50.59323, 11.22948
  ✗ AUBZP: no Mapbox result
  ✓ AUCAL: -11.55939, -77.17573
  ✓ AUCAZ: 42.93569, 0.97416
  ✓ AUCBC: 43.86417, 2.04128
  ✓ AUCBI: -4.57067, -37.76557
  ✓ AUCBN: 42.97313, -0.19346
  ✓ AUCBR: -42.16744, -73.48501
  ✗ AUCBX: no Mapbox result
  ✓ AUCBY: 50.51172, 2.78677
  ✓ AUCCL: 43.06989, 13.41195
  ✓ AUCCU: -22.35688, -47.36028
  ✓ AUCCW: 43.06989, 13.41195
  ✓ AUCDA: -37.88522, -68.52006
  ✓ AUCDQ: 44.32152, 3.05984
  ✓ AUCDU: 10.31350, 11.57791
  ✓ AUCED: 56.46624, 22.89330
  ✓ AUCES: 55.88771, 26.54757
  ✓ AUCFH: 43.64780, 0.58538
  ✓ AUCFI: -4.57067, -37.76557
  ✗ AUCFP: no Mapbox result
  ✓ AUCFS: -33.04828, -71.42065
  ✗ AUCGV: no Mapbox result
  ✓ AUCHA: 46.44199, -0.86786
  ✓ AUCHB: 43.64780, 0.58538
  ✓ AUCIE: 55.82622, 26.91550
  ✓ AUCKI: 58.56178, -3.09617
  ✓ AUCLH: 43.64780, 0.58538
  ✓ AUCLL: 50.38644, 8.00576
  ✓ AUCLN: 42.97313, -0.19346
  ✓ AUCLR: -42.16744, -73.48501
  ✓ AUCLT: 40.58248, -104.73155
  ✓ AUCMA: -37.88522, -68.52006
  ✗ AUCMD: no Mapbox result
  ✗ AUCML: no Mapbox result
  ✓ AUCMQ: 44.32152, 3.05984
  ✗ AUCNB: no Mapbox result
  ✓ AUCNC: 43.86417, 2.04128
  ✗ AUCNJ: no Mapbox result
  ✓ AUCNS: -33.04828, -71.42065
  ✓ AUCOJ: -33.57068, -70.69883
  ✓ AUCOY: 38.69642, -0.47677
  ✗ AUCPD: no Mapbox result
  ✓ AUCPN: 42.97313, -0.19346
  ✓ AUCPS: 43.62841, 6.22540
  ✗ AUCQP: no Mapbox result
  ✗ AUCRB: no Mapbox result
  ✓ AUCRH: 43.64780, 0.58538
  ✗ AUCRJ: no Mapbox result
  ✗ AUCRP: no Mapbox result
  ✓ AUCRY: 50.51172, 2.78677
  ✗ AUCSD: no Mapbox result
  ✓ AUCSI: 58.46286, 25.59589
  ✗ AUCTL: no Mapbox result
  ✓ AUCTN: 42.97313, -0.19346
  ✓ AUCTR: -42.16744, -73.48501
  ✓ AUCUD: -41.86706, -73.82736
  ✓ AUCUG: 42.97313, -0.19346
  ✓ AUCUQ: 41.06461, 48.67967
  ✓ AUCUY: 50.51172, 2.78677
  ✓ AUCVC: 43.86417, 2.04128
  ✓ AUCVQ: 44.32152, 3.05984
  ✓ AUCWR: -42.16744, -73.48501
  ✓ AUCWT: 47.08219, 10.70100
  ✗ AUCWW: no Mapbox result
  ✓ AUCXQ: 44.32152, 3.05984
  ✓ AUCXT: 47.08219, 10.70100
  ✗ AUCYG: no Mapbox result
  ✓ AUCZY: 50.51172, 2.78677
  ✓ AUDAA: 48.92657, 2.24434
  ✓ AUDAJ: 14.16180, 38.90205
  ✓ AUDAM: 5.81444, 43.59222
  ✓ AUDBO: 42.64899, -83.53015
  ✓ AUDBY: 53.93399, -1.37837
  ✓ AUDDI: 13.23973, 39.57727
  ✓ AUDDN: 49.47134, 5.95719
  ✓ AUDFE: 43.21304, 2.34911
  ✗ AUDFP: no Mapbox result
  ✓ AUDGE: 43.21304, 2.34911
  ✓ AUDHD: 25.17903, 85.79032
  ✓ AUDHL: 25.17903, 85.79032
  ✓ AUDKI: -8.77061, 160.69926
  ✗ AUDKV: no Mapbox result
  ✓ AUDLK: 58.47016, 23.05079
  ✓ AUDLV: 58.47016, 23.05079
  ✓ AUDMD: 35.46818, -95.52882
  ✓ AUDNB: 58.07982, 7.30307
  ✓ AUDND: 26.95952, 77.01106
  ✓ AUDNM: -1.69633, 130.29614
  ✓ AUDNQ: 58.07982, 7.30307
  ✓ AUDOX: 43.79998, -0.82159
  ✓ AUDPO: -7.77851, 147.04446
  ✓ AUDRB: 48.92657, 2.24434
  ✓ AUDRD: 48.92657, 2.24434
  ✓ AUDRN: 49.47134, 5.95719
  ✓ AUDRR: 48.92657, 2.24434
  ✗ AUDVP: no Mapbox result
  ✓ AUDVR: 31.66183, 74.54375
  ✓ AUDXD: 35.46818, -95.52882
  ✓ AUDYA: 48.92657, 2.24434
  ✓ AUDYM: 53.05114, 44.86894
  ✓ AUDYW: -8.07849, -39.11551
  ✗ AUEBH: no Mapbox result
  ✓ AUECH: 43.64780, 0.58538
  ✓ AUEDB: 48.41150, 14.30475
  ✓ AUEDD: 48.41150, 14.30475
  ✓ AUEDR: 46.34820, 11.29921
  ✗ AUEIH: no Mapbox result
  ✗ AUEKD: no Mapbox result
  ✓ AUELC: 50.17099, 7.76679
  ✓ AUELE: 47.26691, 11.25055
  ✓ AUEMD: 31.17666, 29.87810
  ✓ AUENB: 53.93089, 9.05289
  ✓ AUEPR: 46.34820, 11.29921
  ✓ AUERB: 50.75697, 7.07299
  ✓ AUETD: 48.41150, 14.30475
  ✓ AUEUC: 44.75611, 7.94684
  ✗ AUEVD: no Mapbox result
  ✗ AUEVH: no Mapbox result
  ✗ AUEXM: no Mapbox result
  ✓ AUFBN: -5.21977, 145.53918
  ✓ AUFIK: -15.58909, -56.06421
  ✓ AUFIS: 48.24269, 14.25257
  ✗ AUFLC: no Mapbox result
  ✓ AUFLS: 65.77375, 13.21879
  ✓ AUFLY: 46.02654, -118.39685
  ✓ AUFOS: 42.79971, 1.65707
  ✓ AUFOT: 0.78333, 34.18333
  ✓ AUFRB: 40.38240, -74.19725
  ✓ AUFRE: -8.33707, -36.42394
  ✓ AUFSL: 49.40689, 8.54195
  ✓ AUGAH: 40.78306, 29.62389
  ✗ AUGBL: no Mapbox result
  ✓ AUGBN: 47.92007, -2.28046
  ✗ AUGBP: no Mapbox result
  ✓ AUGBV: 56.01898, 14.64676
  ✓ AUGDD: 35.46818, -95.52882
  ✗ AUGDF: no Mapbox result
  ✓ AUGEE: 49.21658, 2.80690
  ✓ AUGET: 43.16884, 0.56963
  ✓ AUGEX: 49.21658, 2.80690
  ✓ AUGFE: 46.80400, 7.16866
  ✗ AUGFF: no Mapbox result
  ✓ AUGFN: 47.92007, -2.28046
  ✓ AUGGD: 38.25215, -93.03545
  ✓ AUGIC: 47.77352, 5.89547
  ✗ AUGKL: no Mapbox result
  ✓ AUGLG: 57.71771, 26.96785
  ✓ AUGLI: 57.71771, 26.96785
  ✓ AUGLL: 57.71771, 26.96785
  ✓ AUGLM: 57.71771, 26.96785
  ✓ AUGLT: 40.58248, -104.73155
  ✓ AUGLY: 49.05913, 6.12144
  ✓ AUGOI: 46.36774, 9.12593
  ✓ AUGOO: 16.32316, 120.36705
  ✓ AUGOS: -34.61918, -58.90176
  ✓ AUGOV: -36.31428, -57.54387
  ✓ AUGPN: 47.92007, -2.28046
  ✓ AUGRH: 26.96872, 82.64276
  ✓ AUGSC: 56.94888, 24.78927
  ✓ AUGSN: 9.53885, 31.65842
  ✓ AUGTE: 46.80400, 7.16866
  ✓ AUGTS: 47.26772, 8.48528
  ✓ AUGTT: 47.26772, 8.48528
  ✓ AUGTY: 49.05913, 6.12144
  ✓ AUGUH: -7.12447, 110.32163
  ✓ AUGUL: 54.96159, -8.26514
  ✗ AUGVP: no Mapbox result
  ✓ AUGYL: 47.76719, 3.60801
  ✓ AUGYP: 47.76719, 3.60801
  ✓ AUHAP: 57.11783, 56.52410
  ✓ AUHAT: 14.25318, 121.38306
  ✗ AUHCQ: no Mapbox result
  ✗ AUHGD: no Mapbox result
  ✓ AUHID: 52.50155, -8.72500
  ✓ AUHIG: 51.74383, -9.84075
  ✓ AUHIH: 33.95154, -6.87265
  ✓ AUHIP: 47.74760, 27.90279
  ✓ AUHIS: 48.70790, 2.38839
  ✓ AUHLL: 50.38644, 8.00576
  ✓ AUHLM: 47.48597, 12.24094
  ✓ AUHLS: 40.80051, -80.02776
  ✓ AUHLT: 40.58248, -104.73155
  ✓ AUHLV: -36.11798, 146.83273
  ✗ AUHMG: no Mapbox result
  ✓ AUHOK: 12.97041, 77.61029
  ✓ AUHOT: 0.78333, 34.18333
  ✓ AUHPE: 19.17597, 73.56939
  ✓ AUHPT: 42.70821, 0.90451
  ✓ AUHRN: 32.47239, 76.41726
  ✓ AUHRY: 50.36975, 3.46589
  ✗ AUHSM: no Mapbox result
  ✓ AUHTI: -7.48732, 111.59813
  ✓ AUHTU: 7.28333, 41.05000
  ✓ AUHUB: 48.17607, 13.89760
  ✓ AUHVB: 48.17607, 13.89760
  ✗ AUHWK: no Mapbox result
  ✗ AUHXX: no Mapbox result
  ✓ AUHYI: 14.11830, 44.40429
  ✗ AUIDK: no Mapbox result
  ✓ AUIFF: 35.97628, -87.31549
  ✗ AUIFL: no Mapbox result
  ✓ AUIGH: -26.80861, 152.99555
  ✓ AUIKP: 30.38423, -89.34506
  ✓ AUING: 48.41215, 9.51744
  ✓ AUINJ: 48.28218, 13.71712
  ✓ AUINM: 48.28218, 13.71712
  ✓ AUIPS: 43.62841, 6.22540
  ✓ AUIRG: 48.28218, 13.71712
  ✓ AUISA: 42.68000, -0.62048
  ✓ AUISI: 58.46286, 25.59589
  ✓ AUIVR: -23.53139, -46.40475
  ✗ AUIVW: no Mapbox result
  ✓ AUJAB: 37.47686, 45.89479
  ✓ AUJAD: 21.16896, 81.33499
  ✓ AUJCK: 47.85722, 13.78374
  ✓ AUJHQ: 26.12255, 82.04473
  ✓ AUJOV: -22.73875, -47.61139
  ✓ AUJUN: 49.47134, 5.95719
  ✓ AUJUR: -7.61272, 109.25261
  ✓ AUKAH: -36.78923, 174.66494
  ✓ AUKAX: 14.94125, -83.83076
  ✗ AUKBB: no Mapbox result
  ✗ AUKBD: no Mapbox result
  ✗ AUKBJ: no Mapbox result
  ✓ AUKBY: 50.41467, 3.05357
  ✓ AUKCE: 58.38667, -134.65360
  ✓ AUKCS: -31.83546, 115.89489
  ✗ AUKDB: no Mapbox result
  ✓ AUKDS: 45.65501, -61.44804
  ✗ AUKFG: no Mapbox result
  ✗ AUKGC: no Mapbox result
  ✓ AUKGI: 58.46286, 25.59589
  ✓ AUKGR: -6.08811, 149.43243
  ✓ AUKGY: 47.76719, 3.60801
  ✓ AUKIB: -8.77061, 160.69926
  ✓ AUKIT: 1.28341, 103.82018
  ✓ AUKKP: 60.56761, 21.68067
  ✓ AUKLP: 55.94794, 26.89245
  ✓ AUKML: 31.45225, 77.05215
  ✓ AUKNI: 58.46286, 25.59589
  ✓ AUKNS: -31.83546, 115.89489
  ✗ AUKNX: no Mapbox result
  ✓ AUKOH: 5.57315, 95.36290
  ✓ AUKOI: 21.96926, -159.36945
  ✗ AUKPP: no Mapbox result
  ✓ AUKPS: 43.62841, 6.22540
  ✗ AUKQB: no Mapbox result
  ✓ AUKRA: 62.80416, 6.88956
  ✓ AUKRD: 62.80416, 6.88956
  ✓ AUKSV: 58.46286, 25.59589
  ✓ AUKTA: 57.48911, -134.56081
  ✓ AUKTR: -6.08811, 149.43243
  ✓ AUKUG: -6.08811, 149.43243
  ✓ AUKUR: -6.08811, 149.43243
  ✓ AUKWI: 58.46286, 25.59589
  ✓ AUKWM: 38.55689, -120.72636
  ✗ AUKYB: no Mapbox result
  ✗ AUKYF: no Mapbox result
  ✓ AUKYI: 58.46286, 25.59589
  ✓ AULAB: 25.63814, 88.04744
  ✓ AULCN: 44.22253, 5.42817
  ✓ AULDC: 55.95994, -3.45994
  ✓ AULDH: 55.81995, -4.29983
  ✓ AULDW: 56.25900, -2.62964
  ✓ AULEA: 65.58450, 22.15514
  ✓ AULEL: 55.66764, 25.46932
  ✓ AULER: 59.28407, 10.33375
  ✗ AULFP: no Mapbox result
  ✓ AULGH: 30.64930, 74.91425
  ✓ AULGT: 40.58248, -104.73155
  ✓ AULHG: 46.75460, 8.09917
  ✓ AULIB: 26.28013, 89.37982
  ✓ AULIV: -19.94242, -44.14267
  ✓ AULKD: 56.01791, -3.74431
  ✓ AULKU: 23.62248, 84.26060
  ✓ AULLG: 44.20815, 9.97040
  ✓ AULLL: 44.20815, 9.97040
  ✓ AULLP: 44.20815, 9.97040
  ✓ AULME: 53.46728, -2.24958
  ✓ AULNH: 38.27559, -97.07701
  ✓ AULNO: 50.33107, 3.53020
  ✓ AULOA: 21.37455, -157.77225
  ✓ AULOC: 45.87071, -64.28108
  ✓ AULRE: 63.26825, 8.53070
  ✓ AULST: 47.34195, 9.19199
  ✓ AULSY: 49.16020, -122.84838
  ✓ AULTB: 57.83981, -5.58475
  ✓ AULTP: 40.58248, -104.73155
  ✓ AULTV: 57.04134, -5.70542
  ✓ AULUC: 54.80284, 9.55907
  ✓ AULUT: 56.26592, 8.79745
  ✓ AULUU: 56.26592, 8.79745
  ✓ AULVO: -6.10217, 149.47496
  ✓ AULWH: 30.64930, 74.91425
  ✓ AULYT: 40.58248, -104.73155
  ✓ AULZR: -22.94514, -43.67675
  ✗ AUMBB: no Mapbox result
  ✗ AUMBF: no Mapbox result
  ✓ AUMBH: 24.53091, 85.83459
  ✓ AUMBN: 41.03089, -81.43101
  ✗ AUMBW: no Mapbox result
  ✗ AUMCV: no Mapbox result
  ✓ AUMCY: 48.55364, 1.11873
  ✓ AUMDA: 62.20003, 10.88283
  ✓ AUMEB: 43.46643, 3.46357
  ✓ AUMET: 49.41676, 5.94042
  ✓ AUMFL: 53.52914, 10.31461
  ✗ AUMFP: no Mapbox result
  ✗ AUMGB: no Mapbox result
  ✓ AUMGT: 42.03272, 2.88582
  ✗ AUMGV: no Mapbox result
  ✗ AUMHC: no Mapbox result
  ✓ AUMHO: -5.76252, 148.43465
  ✓ AUMHU: -7.53883, 145.16501
  ✓ AUMIB: 2.19073, 32.98490
  ✓ AUMIH: 2.19073, 32.98490
  ✓ AUMIL: 47.94421, 11.28517
  ✓ AUMIM: 2.19073, 32.98490
  ✓ AUMIN: 46.89544, 6.77578
  ✓ AUMIY: 2.19073, 32.98490
  ✓ AUMIZ: 2.19073, 32.98490
  ✗ AUMJK: no Mapbox result
  ✗ AUMJP: no Mapbox result
  ✓ AUMKR: 47.05999, 5.34600
  ✗ AUMKV: no Mapbox result
  ✓ AUMLR: 47.05999, 5.34600
  ✗ AUMLV: no Mapbox result
  ✗ AUMMM: no Mapbox result
  ✓ AUMNE: 48.03941, -0.05960
  ✓ AUMNG: 26.15423, 80.56676
  ✗ AUMNQ: no Mapbox result
  ✓ AUMNV: 59.77054, 13.46187
  ✗ AUMNW: no Mapbox result
  ✓ AUMOO: 47.70522, 11.93156
  ✓ AUMOU: -5.76252, 148.43465
  ✓ AUMOV: -5.76252, 148.43465
  ✓ AUMQA: 2.95750, 22.74926
  ✓ AUMQE: -36.85240, 174.84815
  ✓ AUMQL: 53.52914, 10.31461
  ✓ AUMRG: 60.17569, 24.60267
  ✓ AUMRL: 48.11020, 14.83852
  ✗ AUMRP: no Mapbox result
  ✓ AUMRS: 43.46643, 3.46357
  ✓ AUMRT: 52.72239, 7.91845
  ✗ AUMRZ: no Mapbox result
  ✗ AUMSF: no Mapbox result
  ✗ AUMTD: no Mapbox result
  ✓ AUMTL: 53.52914, 10.31461
  ✗ AUMTQ: no Mapbox result
  ✓ AUMUP: -7.53883, 145.16501
  ✓ AUMUQ: -7.53883, 145.16501
  ✗ AUMVH: no Mapbox result
  ✗ AUMVK: no Mapbox result
  ✓ AUMVU: -7.53883, 145.16501
  ✗ AUMWB: no Mapbox result
  ✓ AUMWT: 42.03272, 2.88582
  ✓ AUMWY: 48.55364, 1.11873
  ✗ AUMXD: no Mapbox result
  ✗ AUMXQ: no Mapbox result
  ✓ AUMXU: -7.53883, 145.16501
  ✓ AUMYA: -6.23308, 145.94790
  ✓ AUMYI: 2.19073, 32.98490
  ✓ AUMYO: -5.76252, 148.43465
  ✓ AUNAA: 48.44090, 1.80778
  ✓ AUNAC: 45.91625, 0.24329
  ✓ AUNAR: -6.51938, 106.49895
  ✓ AUNBH: 18.56055, 73.80924
  ✓ AUNBR: 48.19799, 16.37893
  ✓ AUNDS: 18.56055, 73.80924
  ✓ AUNGA: 3.42336, 31.20908
  ✓ AUNIF: 47.74980, 13.06614
  ✓ AUNKB: 50.79456, -3.35109
  ✓ AUNLF: 21.02053, 84.79246
  ✓ AUNLL: 50.38644, 8.00576
  ✓ AUNLS: 21.02053, 84.79246
  ✓ AUNMP: 13.76850, 100.54892
  ✓ AUNMR: 48.44196, -81.28500
  ✓ AUNOA: -33.45498, -70.59790
  ✓ AUNOO: 18.35130, 78.71735
  ✓ AUNPP: 13.76850, 100.54892
  ✓ AUNRA: 24.04723, 85.91909
  ✓ AUNRG: 24.04723, 85.91909
  ✓ AUNRY: 50.36975, 3.46589
  ✓ AUNSA: 14.36479, 74.45791
  ✓ AUNSD: 26.31886, 85.94297
  ✓ AUNSM: 26.31886, 85.94297
  ✓ AUNSO: 55.61723, 12.38264
  ✓ AUNSV: 63.51030, 10.82300
  ✓ AUNTE: 44.05576, -123.37367
  ✓ AUNTL: 27.01814, 80.71289
  ✓ AUNTN: 40.51730, -2.78967
  ✓ AUNUB: 11.01615, 124.59920
  ✓ AUNUR: 37.81933, 30.53217
  ✗ AUNWM: no Mapbox result
  ✓ AUNYN: 40.51730, -2.78967
  ✓ AUOAG: 68.66354, 14.66923
  ✓ AUOBA: 38.26889, 140.87001
  ✓ AUODD: 35.46818, -95.52882
  ✗ AUODL: no Mapbox result
  ✗ AUODR: no Mapbox result
  ✓ AUOKB: -26.10136, 28.10206
  ✓ AUOKR: 30.51933, 31.20928
  ✗ AUOKY: no Mapbox result
  ✓ AUOLP: 20.84695, -156.31510
  ✓ AUONG: 12.25350, 109.19567
  ✓ AUONR: 48.44196, -81.28500
  ✓ AUOOR: 9.15348, 76.73425
  ✓ AUOPI: 9.99944, -84.20710
  ✗ AUORR: no Mapbox result
  ✓ AUORS: 46.70209, 9.18554
  ✓ AUOSB: 37.07097, 30.62207
  ✓ AUOXO: 43.71172, -7.74743
  ✓ AUOXY: 48.11826, 2.47736
  ✓ AUOYN: -34.40729, 149.08257
  ✓ AUPAE: -8.92960, 125.40972
  ✓ AUPAU: -2.11654, 115.54196
  ✓ AUPBO: -7.77851, 147.04446
  ✗ AUPBT: no Mapbox result
  ✓ AUPBY: 50.41467, 3.05357
  ✓ AUPCE: 56.46624, 22.89330
  ✓ AUPCK: 47.85722, 13.78374
  ✗ AUPCT: no Mapbox result
  ✓ AUPDE: 43.21304, 2.34911
  ✓ AUPDN: 43.34888, 0.89486
  ✓ AUPEA: 46.03863, 25.22158
  ✓ AUPEL: -7.45147, 110.54405
  ✓ AUPEP: -20.64465, 135.58737
  ✓ AUPEX: 35.73251, -78.85033
  ✓ AUPEY: 18.35195, -66.04624
  ✓ AUPGI: -6.23958, 149.54244
  ✓ AUPHE: -22.72789, -42.95244
  ✗ AUPHJ: no Mapbox result
  ✓ AUPHU: 27.19206, 94.99935
  ✗ AUPJK: no Mapbox result
  ✓ AUPKE: 58.38667, -134.65360
  ✗ AUPKL: no Mapbox result
  ✗ AUPKT: no Mapbox result
  ✓ AUPLA: 48.30683, 16.35302
  ✓ AUPLO: 4.51984, -74.59353
  ✗ AUPMK: no Mapbox result
  ✓ AUPPI: 3.36035, 31.12354
  ✗ AUPPP: no Mapbox result
  ✗ AUPQQ: no Mapbox result
  ✓ AUPRB: 45.39869, 5.67110
  ✓ AUPRC: 45.39869, 5.67110
  ✓ AUPRD: 45.39869, 5.67110
  ✓ AUPRM: 45.39869, 5.67110
  ✓ AUPSM: 43.62841, 6.22540
  ✓ AUPST: 43.62841, 6.22540
  ✓ AUPSY: 43.62841, 6.22540
  ✗ AUPTD: no Mapbox result
  ✓ AUPTE: 49.30864, -1.36246
  ✓ AUPTI: 1.95822, 33.54590
  ✗ AUPTJ: no Mapbox result
  ✗ AUPTL: no Mapbox result
  ✓ AUPUG: 47.89970, 1.53874
  ✓ AUPWI: 3.36035, 31.12354
  ✓ AUPWL: -5.53136, 147.91148
  ✗ AUPWR: no Mapbox result
  ✓ AUQDN: 27.67395, -97.37447
  ✓ AURAB: 26.58936, 87.21570
  ✓ AURAM: 25.84394, 81.20762
  ✓ AURBC: 45.36955, 4.20031
  ✓ AURBS: 45.04709, 6.09447
  ✓ AURBU: 47.64451, 12.17780
  ✓ AURBY: 47.66687, -2.98415
  ✓ AURCE: 43.40974, -3.94179
  ✓ AURCH: 43.64780, 0.58538
  ✓ AURCM: -32.20488, 152.52372
  ✓ AURCN: 43.53569, 1.68300
  ✓ AURDA: 46.31450, -96.00890
  ✓ AURDN: 43.53569, 1.68300
  ✓ AUREN: 43.30425, 0.08682
  ✗ AURG2: no Mapbox result
  ✓ AURHL: 44.12914, 5.42711
  ✓ AURKY: 47.66687, -2.98415
  ✓ AURLP: 48.11020, 14.83852
  ✓ AURMA: 36.85050, 30.59887
  ✗ AURMK: no Mapbox result
  ✓ AUROH: 15.74910, 38.75213
  ✓ AUROK: 15.58228, 120.91876
  ✗ AURPB: no Mapbox result
  ✓ AURPM: -32.20488, 152.52372
  ✓ AURPV: 64.69068, 21.24844
  ✓ AURRE: 43.34846, -2.89567
  ✓ AURRV: 64.69068, 21.24844
  ✓ AURSB: 47.01732, 15.86209
  ✓ AURSE: 49.10563, -0.70703
  ✓ AURTP: 52.72239, 7.91845
  ✓ AURTS: 48.86536, 2.35568
  ✓ AURTY: 47.66687, -2.98415
  ✓ AUSBR: 36.80081, -86.44666
  ✓ AUSBY: 31.66519, -83.95077
  ✓ AUSCG: -38.03388, 145.23647
  ✗ AUSFP: no Mapbox result
  ✓ AUSGO: 30.19272, -82.62526
  ✗ AUSGP: no Mapbox result
  ✓ AUSHB: 22.75262, 88.19061
  ✓ AUSHQ: 23.25867, 88.00867
  ✓ AUSHT: 51.60051, -2.61739
  ✓ AUSHU: 48.98891, 8.63156
  ✓ AUSIO: 46.36774, 9.12593
  ✓ AUSIX: 44.54081, 0.04861
  ✓ AUSKV: 60.46635, 26.30249
  ✓ AUSKY: 56.09100, 49.88019
  ✓ AUSMT: 51.60051, -2.61739
  ✗ AUSNB: no Mapbox result
  ✓ AUSNH: 47.06046, 8.73330
  ✓ AUSOI: 45.12583, 1.73069
  ✗ AUSPB: no Mapbox result
  ✗ AUSQC: no Mapbox result
  ✗ AUSQP: no Mapbox result
  ✓ AUSRM: 55.55974, 25.37710
  ✓ AUSRN: 25.00999, 83.57494
  ✓ AUSRR: -9.12902, 125.57946
  ✓ AUSSH: 13.81092, 37.13762
  ✓ AUSSK: 13.81092, 37.13762
  ✓ AUSSP: 50.69981, 10.89801
  ✓ AUSTA: 59.72954, 10.20540
  ✓ AUSTF: 51.37795, 8.07039
  ✓ AUSTG: 60.03869, 12.37530
  ✓ AUSTH: 59.07484, 10.44212
  ✓ AUSVM: 30.12263, 31.13364
  ✗ AUSWB: no Mapbox result
  ✗ AUSWC: no Mapbox result
  ✓ AUSWH: 47.06046, 8.73330
  ✓ AUSWR: -9.12902, 125.57946
  ✓ AUSXE: 26.87631, 81.61469
  ✓ AUSYU: 47.03597, 22.49438
  ✓ AUTAN: 48.19087, 7.84606
  ✓ AUTAQ: 52.23239, 9.23552
  ✓ AUTBK: 25.36624, 55.40429
  ✓ AUTBL: 42.21482, -2.00539
  ✓ AUTCA: 48.39908, 9.99367
  ✗ AUTCW: no Mapbox result
  ✓ AUTDR: 33.04231, -90.70966
  ✓ AUTEF: 47.54048, 5.69525
  ✓ AUTEM: -8.52198, 126.99871
  ✓ AUTGH: 38.82110, -76.90234
  ✓ AUTGN: 46.95070, 4.29960
  ✓ AUTHE: 45.63079, 3.18319
  ✓ AUTHG: 38.82110, -76.90234
  ✓ AUTIN: 50.84210, 1.98556
  ✓ AUTIS: 49.95736, 7.73759
  ✓ AUTKY: 47.59801, 2.60171
  ✓ AUTME: 59.32793, 27.42035
  ✓ AUTMW: 41.62870, -85.92459
  ✓ AUTOB: 47.92576, 16.90807
  ✓ AUTPR: 33.04231, -90.70966
  ✓ AUTPT: 47.54048, 5.69525
  ✓ AUTRB: 47.59801, 2.60171
  ✓ AUTRO: 25.94014, 83.80347
  ✓ AUTSV: -36.31428, -57.54387
  ✓ AUTUM: 35.04940, -89.83873
  ✗ AUTWB: no Mapbox result
  ✓ AUTWN: 46.95070, 4.29960
  ✓ AUTWP: 47.25581, -91.96770
  ✓ AUTXR: 33.04231, -90.70966
  ✓ AUTYB: 44.19002, 1.46746
  ✓ AUTYG: 44.19002, 1.46746
  ✓ AUTYP: 44.19002, 1.46746
  ✗ AUUBB: no Mapbox result
  ✓ AUUBU: 0.05058, 32.21512
  ✓ AUUDA: 40.57207, -8.44782
  ✓ AUUEE: 48.11872, 14.99628
  ✓ AUUIR: 26.81497, 79.79410
  ✗ AUULP: no Mapbox result
  ✓ AUULT: 40.58248, -104.73155
  ✗ AUULV: no Mapbox result
  ✓ AUUMR: 47.05999, 5.34600
  ✓ AUURN: 32.60655, -85.48173
  ✗ AUUSL: no Mapbox result
  ✗ AUUTB: no Mapbox result
  ✗ AUUTD: no Mapbox result
  ✓ AUVAR: 43.98833, 6.90853
  ✗ AUVCD: no Mapbox result
  ✓ AUVIB: 39.17788, -79.72368
  ✓ AUVIT: 47.50898, 5.51691
  ✓ AUVNR: 28.57463, -81.30507
  ✓ AUWAL: 48.23998, 10.06308
  ✓ AUWAN: 24.96206, 83.94067
  ✓ AUWAU: 8.38333, 33.70000
  ✓ AUWAV: 24.35844, 86.81451
  ✓ AUWAZ: 24.35844, 86.81451
  ✓ AUWBY: 50.41467, 3.05357
  ✓ AUWCL: 51.46435, 6.24318
  ✓ AUWDD: 35.46818, -95.52882
  ✓ AUWDI: -6.01979, 149.50204
  ✓ AUWEH: -6.36337, 106.23989
  ✓ AUWEI: 51.01310, 6.85794
  ✓ AUWEP: 51.46435, 6.24318
  ✓ AUWEW: 51.46435, 6.24318
  ✓ AUWGE: 46.80400, 7.16866
  ✗ AUWGT: no Mapbox result
  ✓ AUWIN: 47.73797, 16.40180
  ✓ AUWIO: 46.36774, 9.12593
  ✗ AUWKB: no Mapbox result
  ✓ AUWLA: 44.20815, 9.97040
  ✗ AUWLC: no Mapbox result
  ✓ AUWLG: 47.98043, 17.01391
  ✓ AUWLL: 51.46435, 6.24318
  ✓ AUWLM: 47.48597, 12.24094
  ✓ AUWLO: -6.10217, 149.47496
  ✓ AUWLS: 51.64611, 22.61639
  ✗ AUWMB: no Mapbox result
  ✓ AUWME: 19.67790, -155.04389
  ✓ AUWND: 26.95952, 77.01106
  ✓ AUWNR: 25.62728, 82.86828
  ✓ AUWNT: 27.01814, 80.71289
  ✓ AUWNY: 49.05913, 6.12144
  ✓ AUWOD: 59.46902, 10.78686
  ✓ AUWOG: 47.98043, 17.01391
  ✓ AUWOH: 48.56707, 12.20610
  ✓ AUWOL: 37.44471, 126.70171
  ✓ AUWON: 37.26491, 127.02837
  ✓ AUWOT: 0.78333, 34.18333
  ✗ AUWPK: no Mapbox result
  ✓ AUWPS: 43.62841, 6.22540
  ✗ AUWRW: no Mapbox result
  ✓ AUWSY: 49.53090, 0.35285
  ✗ AUWUD: no Mapbox result
  ✓ AUWUN: 49.47134, 5.95719
  ✗ AUWW3: no Mapbox result
  ✓ AUWWI: 21.39896, -157.74913
  ✗ AUWWY: no Mapbox result
  ✓ AUWYA: 25.62818, 73.63531
  ✓ AUWYN: 24.96206, 83.94067
  ✓ AUXCO: 17.20833, -100.75722
  ✗ AUXMC: no Mapbox result
  ✗ AUXML: no Mapbox result
  ✓ AUXMY: 48.11826, 2.47736
  ✗ AUXTG: no Mapbox result
  ✓ AUXTO: 14.40738, 79.94662
  ✓ AUXTR: 48.38554, 9.18918
  ✓ AUYAM: 9.98316, -69.51852
  ✓ AUYBA: 13.95818, 39.47633
  ✗ AUYLG: no Mapbox result
  ✓ AUYUE: 30.10452, 105.33632
  ✓ AUZBO: 59.25242, 5.84640
  ✓ AUZGL: 43.55148, 1.81858
  ✗ AUZVG: no Mapbox result
  ✓ AUZZZ: 46.10114, 13.68307
  ✓ AW: 12.51563, -69.97564
  ✓ AWDEU: 27.05549, 95.10033
  ✓ AWORJ: 2.57769, 30.88921
  ✗ AWSNL: no Mapbox result
  ✓ AX: 36.65973, -79.71181
  ✓ AZ: 40.41826, 47.72034
  ✓ AZBAK: 34.89792, 45.54932
  ✗ AZDJU: no Mapbox result
  ✓ AZGAL: 2.40696, 31.19606
  ✓ AZGEN: 44.20472, 0.61696
  ✗ AZKBD: no Mapbox result
  ✓ AZKEC: 36.82239, -107.99504
  ✗ AZKVD: no Mapbox result
  ✓ AZNAK: 54.86361, 53.08037
  ✗ AZNK7: no Mapbox result
  ✓ BA: -6.91361, 107.61036
  ✓ BABIR: -2.53622, 115.13783
  ✓ BAKAL: -6.79162, 110.83362
  ✓ BAOMO: 7.93032, -11.43804
  ✓ BAPJR: 12.36891, 123.61688
  ✓ BAUJV: 55.75371, 13.19402
  ✓ BAZCA: 37.99188, -3.46914
  ✓ BB: 13.17872, -59.56195
  ✗ BBBGI: no Mapbox result
  ✓ BBSAP: 11.87197, 13.25810
  ✓ BD: 24.34761, 90.07797
  ✓ BDAKH: 15.28350, -16.45161
  ✗ BDBZL: no Mapbox result
  ✓ BDCHL: 47.71975, 11.41260
  ✓ BDCLA: 47.02989, 28.78679
  ✓ BDIRD: 25.73534, -80.44794
  ✗ BDJSR: no Mapbox result
  ✓ BDKAM: -1.83856, 105.97845
  ✓ BDKHL: 13.86961, 44.86217
  ✓ BDLAK: -7.23123, 112.78029
  ✗ BDMGL: no Mapbox result
  ✓ BDMON: 40.52606, -79.49339
  ✗ BDMYM: no Mapbox result
  ✓ BDNAR: 42.86690, -5.32371
  ✓ BDPAN: 9.00117, 17.95620
  ✓ BDPAR: 19.18701, 73.08664
  ✓ BDRAU: 2.15027, 117.49708
  ✗ BDRJH: no Mapbox result
  ✓ BDSAJ: 45.67175, 5.52297
  ✗ BDSDW: no Mapbox result
  ✗ BDSPD: no Mapbox result
  ✗ BDTKR: no Mapbox result
  ✗ BDZHM: no Mapbox result
  ✗ BDZYL: no Mapbox result
  ✓ BE: 50.43870, 4.63358
  ✓ BEABK: 8.31812, 16.02428
  ✓ BEANT: 39.09365, -77.13428
  ✓ BEANW: 36.26795, -76.28066
  ✓ BEAVG: 23.89500, 84.47723
  ✓ BEHRT: 47.31857, -2.20873
  ✓ BEIAI: 21.48330, 109.11569
  ✓ BESKA: 40.73700, 31.58634
  ✓ BESKM: 45.13001, 20.06740
  ✓ BETBA: 27.45679, 94.37495
  ✓ BETRG: 48.19020, 15.78138
  ✓ BETTJ: 51.85445, 4.14452
  ✓ BEWAH: 54.91058, -2.94873
  ✗ BEXXX: no Mapbox result
  ✓ BF: 12.27793, -1.57306
  ✗ BFABD: no Mapbox result
  ✓ BFARL: 50.02776, 7.16751
  ✗ BFBNR: no Mapbox result
  ✓ BFBOU: 8.11498, 16.34773
  ✓ BFDIP: -4.99604, 145.67421
  ✓ BFDJI: 10.01917, 20.90638
  ✓ BFDOR: 4.11166, 101.28754
  ✓ BFGAO: 8.17522, -5.71047
  ✗ BFGOG: no Mapbox result
  ✓ BFKAN: 0.60562, 124.28947
  ✓ BFKAY: 13.93443, -5.89196
  ✓ BFNOU: 6.62349, 18.34158
  ✓ BFOUA: 2.33207, 10.83215
  ✓ BFOUG: 48.68388, 5.78907
  ✗ BFPAM: no Mapbox result
  ✗ BFPUP: no Mapbox result
  ✗ BFSEB: no Mapbox result
  ✗ BFTEG: no Mapbox result
  ✗ BFTMQ: no Mapbox result
  ✓ BFTUQ: -0.35329, 116.32523
  ✓ BG: 42.76138, 25.23151
  ✓ BGAND: 37.09996, -81.11453
  ✗ BGBOJ: no Mapbox result
  ✓ BGBRE: 20.77332, 74.96072
  ✗ BGBRF: no Mapbox result
  ✗ BGBRK: no Mapbox result
  ✗ BGBRZ: no Mapbox result
  ✓ BGBYL: -28.72000, 152.80028
  ✗ BGCPA: no Mapbox result
  ✗ BGCPW: no Mapbox result
  ✗ BGDBS: no Mapbox result
  ✗ BGDLV: no Mapbox result
  ✗ BGDMN: no Mapbox result
  ✗ BGDNJ: no Mapbox result
  ✓ BGDOD: 23.78974, 75.81106
  ✗ BGDSP: no Mapbox result
  ✗ BGDTG: no Mapbox result
  ✓ BGETS: 42.95421, 133.06944
  ✓ BGGAV: 56.10260, 14.50563
  ✓ BGGOD: 46.87664, 16.74844
  ✓ BGGOV: 44.35523, 17.99054
  ✗ BGGTB: no Mapbox result
  ✗ BGHKV: no Mapbox result
  ✓ BGIOV: 44.65238, 10.93494
  ✗ BGIPR: no Mapbox result
  ✓ BGIVL: 40.04273, -2.30311
  ✗ BGJAM: no Mapbox result
  ✓ BGKAL: 13.97271, 121.68018
  ✓ BGKAR: 12.15591, 170.10482
  ✓ BGKAT: -2.59116, 115.37270
  ✗ BGKHK: no Mapbox result
  ✗ BGKJG: no Mapbox result
  ✓ BGKOL: 14.41692, -16.45018
  ✗ BGKPH: no Mapbox result
  ✓ BGKVO: 1.28902, 34.74101
  ✗ BGKZK: no Mapbox result
  ✗ BGKZN: no Mapbox result
  ✓ BGLOM: 8.44442, 18.75634
  ✓ BGLSD: 53.82878, 11.67204
  ✗ BGLVP: no Mapbox result
  ✓ BGMEL: 18.59672, 82.48237
  ✗ BGNPZ: no Mapbox result
  ✗ BGNZG: no Mapbox result
  ✓ BGOLT: 37.76230, -81.41234
  ✓ BGORE: 43.75483, -79.70720
  ✓ BGOZA: -7.22605, 39.42560
  ✗ BGPAV: no Mapbox result
  ✓ BGPDA: 29.97268, 77.05668
  ✗ BGPDV: no Mapbox result
  ✗ BGPEC: no Mapbox result
  ✓ BGPEG: 30.66351, -87.35440
  ✗ BGPNZ: no Mapbox result
  ✓ BGPOD: 22.30020, 73.23853
  ✓ BGPOK: 4.44543, 10.81361
  ✓ BGPOR: 12.36891, 123.61688
  ✗ BGPRS: no Mapbox result
  ✗ BGPSC: no Mapbox result
  ✗ BGPVN: no Mapbox result
  ✓ BGPZA: 14.54102, 4.24482
  ✓ BGRDI: 44.63216, 9.73056
  ✓ BGRGL: 46.97893, 15.92770
  ✓ BGSBP: 33.38970, 74.32954
  ✗ BGSDM: no Mapbox result
  ✗ BGSDV: no Mapbox result
  ✓ BGSLP: 37.80722, -84.66248
  ✓ BGSLS: 53.82878, 11.67204
  ✓ BGSLU: 37.80722, -84.66248
  ✓ BGSOM: 43.06725, -78.39180
  ✗ BGSUW: no Mapbox result
  ✓ BGSUZ: 45.83583, 13.21082
  ✗ BGSVI: no Mapbox result
  ✗ BGSWG: no Mapbox result
  ✗ BGSZR: no Mapbox result
  ✓ BGTGA: 10.77512, 122.28999
  ✗ BGTJM: no Mapbox result
  ✓ BGTOL: 7.69445, 16.03670
  ✓ BGTPL: 48.72458, 16.38659
  ✗ BGTRP: no Mapbox result
  ✓ BGVAR: -7.03582, -37.30121
  ✓ BGVAS: 46.70744, 8.87168
  ✗ BGVAZ: no Mapbox result
  ✗ BGVBS: no Mapbox result
  ✓ BGVID: 41.00602, -106.26138
  ✓ BGVLE: 37.33869, -82.97989
  ✓ BGVRE: 60.90529, 10.64573
  ✗ BGVTT: no Mapbox result
  ✗ BGXXX: no Mapbox result
  ✓ BGZLA: 39.60658, 38.86871
  ✗ BGZLH: no Mapbox result
  ✓ BH: 26.02241, 50.55964
  ✓ BHASK: 13.05325, 80.19705
  ✗ BHBRN: no Mapbox result
  ✓ BI: 52.47970, -1.90269
  ✓ BIBJM: 3.67293, 12.78858
  ✓ BIGID: 14.54202, 121.08043
  ✓ BIKRE: 46.53738, 6.33399
  ✓ BJ: 10.33838, 2.42667
  ✗ BJCOO: no Mapbox result
  ✓ BJDJA: 4.36382, 21.47769
  ✗ BJKDC: no Mapbox result
  ✓ BJNAE: 19.55667, 84.82259
  ✗ BJPKO: no Mapbox result
  ✓ BJSEM: 29.81204, 31.30628
  ✓ BL: 53.54000, 28.04679
  ✓ BLGUS: 41.33115, 1.92232
  ✓ BM: 32.31792, -64.73701
  ✓ BMBDA: 22.73054, 77.57446
  ✗ BMFPT: no Mapbox result
  ✗ BMKWF: no Mapbox result
  ✓ BN: 4.56547, 114.56241
  ✗ BNKUB: no Mapbox result
  ✓ BNLUM: 32.14270, -97.39730
  ✓ BNMUA: 25.37943, 88.02281
  ✓ BNSER: 46.72245, 10.86108
  ✓ BNTAS: 37.24632, -1.91809
  ✓ BO: 7.61957, -65.80200
  ✓ BOSRB: 32.52237, 36.48160
  ✓ BQ: 12.14924, -68.27092
  ✗ BQI: no Mapbox result
  ✓ BR: -9.58890, -51.61979
  ✗ BR6MO: no Mapbox result
  ✗ BR8BN: no Mapbox result
  ✗ BR8CR: no Mapbox result
  ✗ BR8ED: no Mapbox result
  ✗ BR8NP: no Mapbox result
  ✗ BR8PN: no Mapbox result
  ✗ BR9CF: no Mapbox result
  ✗ BR9IT: no Mapbox result
  ✗ BR9OV: no Mapbox result
  ✗ BR9SB: no Mapbox result
  ✗ BR9SE: no Mapbox result
  ✗ BR9VN: no Mapbox result
  ✗ BRAA2: no Mapbox result
  ✓ BRACY: 36.59987, -78.14278
  ✓ BRAJE: 24.48436, 92.16666
  ✓ BRAL2: 44.82616, 1.75560
  ✓ BRALQ: 13.76795, 15.06833
  ✓ BRAMJ: 43.77216, -79.66318
  ✓ BRAVB: 32.17755, -110.95203
  ✓ BRAXE: 43.29239, -8.19700
  ✗ BRBA2: no Mapbox result
  ✗ BRBF5: no Mapbox result
  ✗ BRBGX: no Mapbox result
  ✗ BRBJB: no Mapbox result
  ✗ BRBVH: no Mapbox result
  ✗ BRBZC: no Mapbox result
  ✗ BRCD2: no Mapbox result
  ✗ BRCD5: no Mapbox result
  ✓ BRCFC: 44.19360, 15.63995
  ✗ BRCG2: no Mapbox result
  ✓ BRCJT: 41.55527, 2.05542
  ✗ BRCJZ: no Mapbox result
  ✓ BRCKO: 44.87679, 18.81018
  ✓ BRCKS: 29.34140, -98.43991
  ✗ BRCLJ: no Mapbox result
  ✗ BRCM2: no Mapbox result
  ✗ BRCM3: no Mapbox result
  ✗ BRCPQ: no Mapbox result
  ✗ BRCRQ: no Mapbox result
  ✓ BRCTQ: 39.43760, -78.00289
  ✗ BRCXB: no Mapbox result
  ✗ BRCXJ: no Mapbox result
  ✗ BRCZJ: no Mapbox result
  ✓ BRDIQ: 29.08971, 30.94211
  ✓ BRDOG: 43.44824, 19.82085
  ✗ BRDSF: no Mapbox result
  ✓ BRDSU: 27.22682, 76.90854
  ✓ BREDM: 57.29884, 10.36831
  ✓ BREZI: 45.90387, 15.59309
  ✓ BRFEC: 48.10220, -4.00128
  ✗ BRFIP: no Mapbox result
  ✓ BRFLB: 38.91320, -94.34169
  ✓ BRGCE: -25.41082, -49.20579
  ✗ BRGCV: no Mapbox result
  ✓ BRGEM: 46.60595, -1.83527
  ✗ BRGPB: no Mapbox result
  ✗ BRGPU: no Mapbox result
  ✗ BRGSF: no Mapbox result
  ✓ BRGSU: 47.01550, 7.76600
  ✓ BRHAR: 25.20176, 85.52006
  ✓ BRIJJ: 28.67058, 77.33532
  ✓ BRIJT: 43.09690, -93.80180
  ✓ BRILB: 52.65900, 4.80954
  ✓ BRIMJ: 38.00802, -4.79291
  ✓ BRIT2: 46.69798, 6.91946
  ✓ BRITZ: 52.44600, 13.44399
  ✓ BRIVU: 55.77003, 26.49350
  ✓ BRIYT: 43.09690, -93.80180
  ✗ BRJ22: no Mapbox result
  ✓ BRJBL: 49.57355, 8.06122
  ✓ BRJBU: 45.18066, 25.76726
  ✗ BRJGQ: no Mapbox result
  ✗ BRJMF: no Mapbox result
  ✓ BRJTU: 49.87189, 8.62698
  ✓ BRLAZ: -21.46909, -47.00009
  ✗ BRLCB: no Mapbox result
  ✓ BRLEI: 5.88052, 44.76266
  ✗ BRLJR: no Mapbox result
  ✓ BRLNG: -8.49954, 117.41717
  ✓ BRLNH: 50.00108, 15.55601
  ✓ BRLOZ: 44.02592, 19.10425
  ✗ BRLPN: no Mapbox result
  ✗ BRLVB: no Mapbox result
  ✗ BRLZB: no Mapbox result
  ✓ BRMBK: 40.24623, -111.65226
  ✓ BRMBZ: 40.24623, -111.65226
  ✗ BRMD5: no Mapbox result
  ✗ BRMGZ: no Mapbox result

